<html>
<body>
<pre>
<h1>µVision Build Log</h1>
<h2>Tool Versions:</h2>
IDE-Version: µVision V5.27.1.0
Copyright (C) 2019 ARM Ltd and ARM Germany GmbH. All rights reserved.
License Information: truong vu van, bkx, LIC=58EQD-8KYQR-19VG6-DD63J-ESB4K-88YB2
 
Tool Versions:
Toolchain:       PK51 Prof. Developers Kit  Version: 9.60.0.0
Toolchain Path:  C:\Keil_v5\C51\BIN
C Compiler:      C51.exe V9.60.0.0
Assembler:       A51.exe V8.2.7.0
Linker/Locator:  BL51.exe V6.22.2.0
Library Manager: LIB51.exe V4.30.1.0
Hex Converter:   OH51.exe V2.7.0.0
CPU DLL:         S8051.DLL V3.122.0.0
Dialog DLL:      DP51.DLL V2.67.0.0
Target DLL:      Nuvoton_8051_Keil_uVision_Driver.dll V3.00
Dialog DLL:      TP51.DLL V2.60.0.0
 
<h2>Project:</h2>
D:\Project\NUVOTON\Project_Treadmill_Power\Git\sport1_power\Project\project_treadmill_power.uvproj
Project File Date:  01/31/2021

<h2>Output:</h2>
Build target 'Target 1'
compiling mainfunclist.c...
..\App\mainfunclist.c(229): warning C206: 'XOR_Caculator': missing function-prototype
..\App\mainfunclist.c(229): error C267: 'XOR_Caculator': requires ANSI-style prototype
compiling floor.c...
..\Mid\floor.h(14): warning C318: can't open file 'stdint.h'
..\Mid\floor.h(19): error C141: syntax error near 'percent', expected ')'
..\Mid\floor.h(20): error C129: missing ';' before 'FLOOR_GetPercent'
Target not created.
Build Time Elapsed:  00:00:00
</pre>
</body>
</html>
